\BOOKMARK [0][-]{chapter.1}{Wstep}{}% 1
\BOOKMARK [1][-]{section.1.1}{Cel pracy}{chapter.1}% 2
\BOOKMARK [0][-]{chapter.2}{Czesc 1 - studia literaturowe}{}% 3
\BOOKMARK [1][-]{section.2.1}{Przeglad istniejacych system\363w CBIR}{chapter.2}% 4
\BOOKMARK [2][-]{subsection.2.1.1}{Google Image Search}{section.2.1}% 5
\BOOKMARK [2][-]{subsection.2.1.2}{Tineye}{section.2.1}% 6
\BOOKMARK [2][-]{subsection.2.1.3}{IRMA}{section.2.1}% 7
\BOOKMARK [2][-]{subsection.2.1.4}{Invisium?}{section.2.1}% 8
\BOOKMARK [2][-]{subsection.2.1.5}{wyszukiwarka obraz\363w medycznych 3}{section.2.1}% 9
\BOOKMARK [1][-]{section.2.2}{Deskryptory numeryczne obraz\363w medycznych}{chapter.2}% 10
\BOOKMARK [2][-]{subsection.2.2.1}{CLEF Initiative}{section.2.2}% 11
\BOOKMARK [2][-]{subsection.2.2.2}{MPEG-7}{section.2.2}% 12
\BOOKMARK [2][-]{subsection.2.2.3}{wagi skladowych deskryptorow}{section.2.2}% 13
\BOOKMARK [1][-]{section.2.3}{Funkcje podobienstwa}{chapter.2}% 14
\BOOKMARK [2][-]{subsection.2.3.1}{cosinus pomiedzy wektorami}{section.2.3}% 15
\BOOKMARK [2][-]{subsection.2.3.2}{normy r\363znych stopni}{section.2.3}% 16
\BOOKMARK [1][-]{section.2.4}{Sposoby analizy poprawnosci zwr\363conych wynik\363w}{chapter.2}% 17
\BOOKMARK [2][-]{subsection.2.4.1}{krzywe ROI?}{section.2.4}% 18
\BOOKMARK [2][-]{subsection.2.4.2}{Przywolanie}{section.2.4}% 19
\BOOKMARK [2][-]{subsection.2.4.3}{Precyzja}{section.2.4}% 20
\BOOKMARK [0][-]{chapter.3}{Czesc 2 - badania w\233asne}{}% 21
\BOOKMARK [1][-]{section.3.1}{Przyk\233adowy podrozdzia\233}{chapter.3}% 22
\BOOKMARK [0][-]{chapter.4}{Podsumowanie}{}% 23
\BOOKMARK [0][-]{appendix.A}{Dodatki}{}% 24
\BOOKMARK [1][-]{section.A.1}{Przyk\233adowa strona z dodatkami}{appendix.A}% 25
\BOOKMARK [0][-]{appendix*.2}{Bibliografia}{}% 26
\BOOKMARK [0][-]{appendix*.3}{Spis rysunk\363w}{}% 27
